<?xml version="1.0" encoding="UTF-8"?>
<testng-results skipped="0" failed="0" ignored="0" total="1" passed="1">
  <reporter-output>
  </reporter-output>
  <suite name="Default suite" duration-ms="50" started-at="2017-05-27T15:59:13Z" finished-at="2017-05-27T15:59:13Z">
    <groups>
    </groups>
    <test name="Default test" duration-ms="50" started-at="2017-05-27T15:59:13Z" finished-at="2017-05-27T15:59:13Z">
      <class name="testngintroductions.HelloWorld">
        <test-method status="PASS" signature="sayHello()[pri:0, instance:testngintroductions.HelloWorld@2344fc66]" name="sayHello" duration-ms="16" started-at="2017-05-27T11:59:13Z" finished-at="2017-05-27T11:59:13Z">
          <reporter-output>
          </reporter-output>
        </test-method> <!-- sayHello -->
      </class> <!-- testngintroductions.HelloWorld -->
    </test> <!-- Default test -->
  </suite> <!-- Default suite -->
</testng-results>
